04-Oct-2022 14:43:22.830 INFO [main] org.apache.catalina.startup.VersionLoggerListener.log Server version name:   Apache Tomcat/9.0.67
04-Oct-2022 14:43:22.838 INFO [main] org.apache.catalina.startup.VersionLoggerListener.log Server built:          Sep 23 2022 11:22:29 UTC
04-Oct-2022 14:43:22.839 INFO [main] org.apache.catalina.startup.VersionLoggerListener.log Server version number: 9.0.67.0
04-Oct-2022 14:43:22.840 INFO [main] org.apache.catalina.startup.VersionLoggerListener.log OS Name:               Linux
04-Oct-2022 14:43:22.841 INFO [main] org.apache.catalina.startup.VersionLoggerListener.log OS Version:            5.10.102.1-microsoft-standard-WSL2
04-Oct-2022 14:43:22.842 INFO [main] org.apache.catalina.startup.VersionLoggerListener.log Architecture:          amd64
04-Oct-2022 14:43:22.843 INFO [main] org.apache.catalina.startup.VersionLoggerListener.log Java Home:             /usr/lib/jvm/java-11-openjdk-amd64
04-Oct-2022 14:43:22.844 INFO [main] org.apache.catalina.startup.VersionLoggerListener.log JVM Version:           11.0.16+8-post-Ubuntu-0ubuntu120.04
04-Oct-2022 14:43:22.845 INFO [main] org.apache.catalina.startup.VersionLoggerListener.log JVM Vendor:            Ubuntu
04-Oct-2022 14:43:22.846 INFO [main] org.apache.catalina.startup.VersionLoggerListener.log CATALINA_BASE:         /mnt/c/Users/joaoo/OneDrive - Universidade de Aveiro/UC/IES/P/IES_103154/lab2/lab2_1/apache-tomcat-9.0.67
04-Oct-2022 14:43:22.846 INFO [main] org.apache.catalina.startup.VersionLoggerListener.log CATALINA_HOME:         /mnt/c/Users/joaoo/OneDrive - Universidade de Aveiro/UC/IES/P/IES_103154/lab2/lab2_1/apache-tomcat-9.0.67
04-Oct-2022 14:43:22.872 INFO [main] org.apache.catalina.startup.VersionLoggerListener.log Command line argument: --add-opens=java.base/java.lang=ALL-UNNAMED
04-Oct-2022 14:43:22.873 INFO [main] org.apache.catalina.startup.VersionLoggerListener.log Command line argument: --add-opens=java.base/java.io=ALL-UNNAMED
04-Oct-2022 14:43:22.874 INFO [main] org.apache.catalina.startup.VersionLoggerListener.log Command line argument: --add-opens=java.base/java.util=ALL-UNNAMED
04-Oct-2022 14:43:22.875 INFO [main] org.apache.catalina.startup.VersionLoggerListener.log Command line argument: --add-opens=java.base/java.util.concurrent=ALL-UNNAMED
04-Oct-2022 14:43:22.876 INFO [main] org.apache.catalina.startup.VersionLoggerListener.log Command line argument: --add-opens=java.rmi/sun.rmi.transport=ALL-UNNAMED
04-Oct-2022 14:43:22.876 INFO [main] org.apache.catalina.startup.VersionLoggerListener.log Command line argument: -Djava.util.logging.config.file=/home/joaompfonseca/IES/lab2/lab2_1/apache-tomcat-9.0.67/conf/logging.properties
04-Oct-2022 14:43:22.877 INFO [main] org.apache.catalina.startup.VersionLoggerListener.log Command line argument: -Djava.util.logging.manager=org.apache.juli.ClassLoaderLogManager
04-Oct-2022 14:43:22.878 INFO [main] org.apache.catalina.startup.VersionLoggerListener.log Command line argument: -Djdk.tls.ephemeralDHKeySize=2048
04-Oct-2022 14:43:22.878 INFO [main] org.apache.catalina.startup.VersionLoggerListener.log Command line argument: -Djava.protocol.handler.pkgs=org.apache.catalina.webresources
04-Oct-2022 14:43:22.879 INFO [main] org.apache.catalina.startup.VersionLoggerListener.log Command line argument: -Dorg.apache.catalina.security.SecurityListener.UMASK=0027
04-Oct-2022 14:43:22.879 INFO [main] org.apache.catalina.startup.VersionLoggerListener.log Command line argument: -Dignore.endorsed.dirs=
04-Oct-2022 14:43:22.880 INFO [main] org.apache.catalina.startup.VersionLoggerListener.log Command line argument: -Dcatalina.base=/home/joaompfonseca/IES/lab2/lab2_1/apache-tomcat-9.0.67
04-Oct-2022 14:43:22.881 INFO [main] org.apache.catalina.startup.VersionLoggerListener.log Command line argument: -Dcatalina.home=/home/joaompfonseca/IES/lab2/lab2_1/apache-tomcat-9.0.67
04-Oct-2022 14:43:22.882 INFO [main] org.apache.catalina.startup.VersionLoggerListener.log Command line argument: -Djava.io.tmpdir=/home/joaompfonseca/IES/lab2/lab2_1/apache-tomcat-9.0.67/temp
04-Oct-2022 14:43:22.891 INFO [main] org.apache.catalina.core.AprLifecycleListener.lifecycleEvent The Apache Tomcat Native library which allows using OpenSSL was not found on the java.library.path: [/usr/java/packages/lib:/usr/lib/x86_64-linux-gnu/jni:/lib/x86_64-linux-gnu:/usr/lib/x86_64-linux-gnu:/usr/lib/jni:/lib:/usr/lib]
04-Oct-2022 14:43:23.878 INFO [main] org.apache.coyote.AbstractProtocol.init Initializing ProtocolHandler ["http-nio-8080"]
04-Oct-2022 14:43:23.958 INFO [main] org.apache.catalina.startup.Catalina.load Server initialization in [1802] milliseconds
04-Oct-2022 14:43:24.195 INFO [main] org.apache.catalina.core.StandardService.startInternal Starting service [Catalina]
04-Oct-2022 14:43:24.196 INFO [main] org.apache.catalina.core.StandardEngine.startInternal Starting Servlet engine: [Apache Tomcat/9.0.67]
04-Oct-2022 14:43:24.318 INFO [main] org.apache.catalina.startup.HostConfig.deployDirectory Deploying web application directory [/mnt/c/Users/joaoo/OneDrive - Universidade de Aveiro/UC/IES/P/IES_103154/lab2/lab2_1/apache-tomcat-9.0.67/webapps/docs]
04-Oct-2022 14:43:26.567 INFO [main] org.apache.catalina.startup.HostConfig.deployDirectory Deployment of web application directory [/mnt/c/Users/joaoo/OneDrive - Universidade de Aveiro/UC/IES/P/IES_103154/lab2/lab2_1/apache-tomcat-9.0.67/webapps/docs] has finished in [2,249] ms
04-Oct-2022 14:43:26.571 INFO [main] org.apache.catalina.startup.HostConfig.deployDirectory Deploying web application directory [/mnt/c/Users/joaoo/OneDrive - Universidade de Aveiro/UC/IES/P/IES_103154/lab2/lab2_1/apache-tomcat-9.0.67/webapps/examples]
04-Oct-2022 14:43:43.615 INFO [main] org.apache.catalina.startup.HostConfig.deployDirectory Deployment of web application directory [/mnt/c/Users/joaoo/OneDrive - Universidade de Aveiro/UC/IES/P/IES_103154/lab2/lab2_1/apache-tomcat-9.0.67/webapps/examples] has finished in [17,044] ms
04-Oct-2022 14:43:43.621 INFO [main] org.apache.catalina.startup.HostConfig.deployDirectory Deploying web application directory [/mnt/c/Users/joaoo/OneDrive - Universidade de Aveiro/UC/IES/P/IES_103154/lab2/lab2_1/apache-tomcat-9.0.67/webapps/host-manager]
04-Oct-2022 14:43:44.972 INFO [main] org.apache.catalina.startup.HostConfig.deployDirectory Deployment of web application directory [/mnt/c/Users/joaoo/OneDrive - Universidade de Aveiro/UC/IES/P/IES_103154/lab2/lab2_1/apache-tomcat-9.0.67/webapps/host-manager] has finished in [1,351] ms
04-Oct-2022 14:43:44.976 INFO [main] org.apache.catalina.startup.HostConfig.deployDirectory Deploying web application directory [/mnt/c/Users/joaoo/OneDrive - Universidade de Aveiro/UC/IES/P/IES_103154/lab2/lab2_1/apache-tomcat-9.0.67/webapps/manager]
04-Oct-2022 14:43:46.289 INFO [main] org.apache.catalina.startup.HostConfig.deployDirectory Deployment of web application directory [/mnt/c/Users/joaoo/OneDrive - Universidade de Aveiro/UC/IES/P/IES_103154/lab2/lab2_1/apache-tomcat-9.0.67/webapps/manager] has finished in [1,313] ms
04-Oct-2022 14:43:46.294 INFO [main] org.apache.catalina.startup.HostConfig.deployDirectory Deploying web application directory [/mnt/c/Users/joaoo/OneDrive - Universidade de Aveiro/UC/IES/P/IES_103154/lab2/lab2_1/apache-tomcat-9.0.67/webapps/ROOT]
04-Oct-2022 14:43:47.214 INFO [main] org.apache.catalina.startup.HostConfig.deployDirectory Deployment of web application directory [/mnt/c/Users/joaoo/OneDrive - Universidade de Aveiro/UC/IES/P/IES_103154/lab2/lab2_1/apache-tomcat-9.0.67/webapps/ROOT] has finished in [920] ms
04-Oct-2022 14:43:47.232 INFO [main] org.apache.coyote.AbstractProtocol.start Starting ProtocolHandler ["http-nio-8080"]
04-Oct-2022 14:43:47.271 INFO [main] org.apache.catalina.startup.Catalina.start Server startup in [23312] milliseconds
04-Oct-2022 14:59:52.320 INFO [Catalina-utility-1] org.apache.catalina.users.MemoryUserDatabase.backgroundProcess Reloading memory user database [UserDatabase] from updated source [file:/mnt/c/Users/joaoo/OneDrive%20-%20Universidade%20de%20Aveiro/UC/IES/P/IES_103154/lab2/lab2_1/apache-tomcat-9.0.67/conf/tomcat-users.xml]
04-Oct-2022 15:00:29.192 INFO [main] org.apache.catalina.startup.VersionLoggerListener.log Server version name:   Apache Tomcat/9.0.67
04-Oct-2022 15:00:29.199 INFO [main] org.apache.catalina.startup.VersionLoggerListener.log Server built:          Sep 23 2022 11:22:29 UTC
04-Oct-2022 15:00:29.201 INFO [main] org.apache.catalina.startup.VersionLoggerListener.log Server version number: 9.0.67.0
04-Oct-2022 15:00:29.201 INFO [main] org.apache.catalina.startup.VersionLoggerListener.log OS Name:               Linux
04-Oct-2022 15:00:29.202 INFO [main] org.apache.catalina.startup.VersionLoggerListener.log OS Version:            5.10.102.1-microsoft-standard-WSL2
04-Oct-2022 15:00:29.203 INFO [main] org.apache.catalina.startup.VersionLoggerListener.log Architecture:          amd64
04-Oct-2022 15:00:29.204 INFO [main] org.apache.catalina.startup.VersionLoggerListener.log Java Home:             /usr/lib/jvm/java-11-openjdk-amd64
04-Oct-2022 15:00:29.205 INFO [main] org.apache.catalina.startup.VersionLoggerListener.log JVM Version:           11.0.16+8-post-Ubuntu-0ubuntu120.04
04-Oct-2022 15:00:29.206 INFO [main] org.apache.catalina.startup.VersionLoggerListener.log JVM Vendor:            Ubuntu
04-Oct-2022 15:00:29.207 INFO [main] org.apache.catalina.startup.VersionLoggerListener.log CATALINA_BASE:         /mnt/c/Users/joaoo/OneDrive - Universidade de Aveiro/UC/IES/P/IES_103154/lab2/lab2_1/apache-tomcat-9.0.67
04-Oct-2022 15:00:29.208 INFO [main] org.apache.catalina.startup.VersionLoggerListener.log CATALINA_HOME:         /mnt/c/Users/joaoo/OneDrive - Universidade de Aveiro/UC/IES/P/IES_103154/lab2/lab2_1/apache-tomcat-9.0.67
04-Oct-2022 15:00:29.225 INFO [main] org.apache.catalina.startup.VersionLoggerListener.log Command line argument: --add-opens=java.base/java.lang=ALL-UNNAMED
04-Oct-2022 15:00:29.227 INFO [main] org.apache.catalina.startup.VersionLoggerListener.log Command line argument: --add-opens=java.base/java.io=ALL-UNNAMED
04-Oct-2022 15:00:29.228 INFO [main] org.apache.catalina.startup.VersionLoggerListener.log Command line argument: --add-opens=java.base/java.util=ALL-UNNAMED
04-Oct-2022 15:00:29.229 INFO [main] org.apache.catalina.startup.VersionLoggerListener.log Command line argument: --add-opens=java.base/java.util.concurrent=ALL-UNNAMED
04-Oct-2022 15:00:29.229 INFO [main] org.apache.catalina.startup.VersionLoggerListener.log Command line argument: --add-opens=java.rmi/sun.rmi.transport=ALL-UNNAMED
04-Oct-2022 15:00:29.230 INFO [main] org.apache.catalina.startup.VersionLoggerListener.log Command line argument: -Djava.util.logging.config.file=/home/joaompfonseca/IES/lab2/lab2_1/apache-tomcat-9.0.67/conf/logging.properties
04-Oct-2022 15:00:29.231 INFO [main] org.apache.catalina.startup.VersionLoggerListener.log Command line argument: -Djava.util.logging.manager=org.apache.juli.ClassLoaderLogManager
04-Oct-2022 15:00:29.232 INFO [main] org.apache.catalina.startup.VersionLoggerListener.log Command line argument: -Djdk.tls.ephemeralDHKeySize=2048
04-Oct-2022 15:00:29.233 INFO [main] org.apache.catalina.startup.VersionLoggerListener.log Command line argument: -Djava.protocol.handler.pkgs=org.apache.catalina.webresources
04-Oct-2022 15:00:29.234 INFO [main] org.apache.catalina.startup.VersionLoggerListener.log Command line argument: -Dorg.apache.catalina.security.SecurityListener.UMASK=0027
04-Oct-2022 15:00:29.235 INFO [main] org.apache.catalina.startup.VersionLoggerListener.log Command line argument: -Dignore.endorsed.dirs=
04-Oct-2022 15:00:29.236 INFO [main] org.apache.catalina.startup.VersionLoggerListener.log Command line argument: -Dcatalina.base=/home/joaompfonseca/IES/lab2/lab2_1/apache-tomcat-9.0.67
04-Oct-2022 15:00:29.236 INFO [main] org.apache.catalina.startup.VersionLoggerListener.log Command line argument: -Dcatalina.home=/home/joaompfonseca/IES/lab2/lab2_1/apache-tomcat-9.0.67
04-Oct-2022 15:00:29.237 INFO [main] org.apache.catalina.startup.VersionLoggerListener.log Command line argument: -Djava.io.tmpdir=/home/joaompfonseca/IES/lab2/lab2_1/apache-tomcat-9.0.67/temp
04-Oct-2022 15:00:29.247 INFO [main] org.apache.catalina.core.AprLifecycleListener.lifecycleEvent The Apache Tomcat Native library which allows using OpenSSL was not found on the java.library.path: [/usr/java/packages/lib:/usr/lib/x86_64-linux-gnu/jni:/lib/x86_64-linux-gnu:/usr/lib/x86_64-linux-gnu:/usr/lib/jni:/lib:/usr/lib]
04-Oct-2022 15:00:30.080 INFO [main] org.apache.coyote.AbstractProtocol.init Initializing ProtocolHandler ["http-nio-8080"]
04-Oct-2022 15:00:30.119 SEVERE [main] org.apache.catalina.util.LifecycleBase.handleSubClassException Failed to initialize component [Connector[HTTP/1.1-8080]]
	org.apache.catalina.LifecycleException: Protocol handler initialization failed
		at org.apache.catalina.connector.Connector.initInternal(Connector.java:1051)
		at org.apache.catalina.util.LifecycleBase.init(LifecycleBase.java:136)
		at org.apache.catalina.core.StandardService.initInternal(StandardService.java:556)
		at org.apache.catalina.util.LifecycleBase.init(LifecycleBase.java:136)
		at org.apache.catalina.core.StandardServer.initInternal(StandardServer.java:1045)
		at org.apache.catalina.util.LifecycleBase.init(LifecycleBase.java:136)
		at org.apache.catalina.startup.Catalina.load(Catalina.java:724)
		at org.apache.catalina.startup.Catalina.load(Catalina.java:746)
		at java.base/jdk.internal.reflect.NativeMethodAccessorImpl.invoke0(Native Method)
		at java.base/jdk.internal.reflect.NativeMethodAccessorImpl.invoke(NativeMethodAccessorImpl.java:62)
		at java.base/jdk.internal.reflect.DelegatingMethodAccessorImpl.invoke(DelegatingMethodAccessorImpl.java:43)
		at java.base/java.lang.reflect.Method.invoke(Method.java:566)
		at org.apache.catalina.startup.Bootstrap.load(Bootstrap.java:305)
		at org.apache.catalina.startup.Bootstrap.main(Bootstrap.java:475)
	Caused by: java.net.BindException: Address already in use
		at java.base/sun.nio.ch.Net.bind0(Native Method)
		at java.base/sun.nio.ch.Net.bind(Net.java:459)
		at java.base/sun.nio.ch.Net.bind(Net.java:448)
		at java.base/sun.nio.ch.ServerSocketChannelImpl.bind(ServerSocketChannelImpl.java:227)
		at org.apache.tomcat.util.net.NioEndpoint.initServerSocket(NioEndpoint.java:275)
		at org.apache.tomcat.util.net.NioEndpoint.bind(NioEndpoint.java:230)
		at org.apache.tomcat.util.net.AbstractEndpoint.bindWithCleanup(AbstractEndpoint.java:1227)
		at org.apache.tomcat.util.net.AbstractEndpoint.init(AbstractEndpoint.java:1240)
		at org.apache.coyote.AbstractProtocol.init(AbstractProtocol.java:606)
		at org.apache.coyote.http11.AbstractHttp11Protocol.init(AbstractHttp11Protocol.java:77)
		at org.apache.catalina.connector.Connector.initInternal(Connector.java:1048)
		... 13 more
04-Oct-2022 15:00:30.121 INFO [main] org.apache.catalina.startup.Catalina.load Server initialization in [1531] milliseconds
04-Oct-2022 15:00:30.295 INFO [main] org.apache.catalina.core.StandardService.startInternal Starting service [Catalina]
04-Oct-2022 15:00:30.297 INFO [main] org.apache.catalina.core.StandardEngine.startInternal Starting Servlet engine: [Apache Tomcat/9.0.67]
04-Oct-2022 15:00:30.395 INFO [main] org.apache.catalina.startup.HostConfig.deployDirectory Deploying web application directory [/mnt/c/Users/joaoo/OneDrive - Universidade de Aveiro/UC/IES/P/IES_103154/lab2/lab2_1/apache-tomcat-9.0.67/webapps/docs]
04-Oct-2022 15:00:32.179 INFO [main] org.apache.catalina.startup.HostConfig.deployDirectory Deployment of web application directory [/mnt/c/Users/joaoo/OneDrive - Universidade de Aveiro/UC/IES/P/IES_103154/lab2/lab2_1/apache-tomcat-9.0.67/webapps/docs] has finished in [1,784] ms
04-Oct-2022 15:00:32.184 INFO [main] org.apache.catalina.startup.HostConfig.deployDirectory Deploying web application directory [/mnt/c/Users/joaoo/OneDrive - Universidade de Aveiro/UC/IES/P/IES_103154/lab2/lab2_1/apache-tomcat-9.0.67/webapps/examples]
04-Oct-2022 15:00:49.156 INFO [main] org.apache.catalina.startup.HostConfig.deployDirectory Deployment of web application directory [/mnt/c/Users/joaoo/OneDrive - Universidade de Aveiro/UC/IES/P/IES_103154/lab2/lab2_1/apache-tomcat-9.0.67/webapps/examples] has finished in [16,972] ms
04-Oct-2022 15:00:49.161 INFO [main] org.apache.catalina.startup.HostConfig.deployDirectory Deploying web application directory [/mnt/c/Users/joaoo/OneDrive - Universidade de Aveiro/UC/IES/P/IES_103154/lab2/lab2_1/apache-tomcat-9.0.67/webapps/host-manager]
04-Oct-2022 15:00:50.265 INFO [main] org.apache.catalina.startup.HostConfig.deployDirectory Deployment of web application directory [/mnt/c/Users/joaoo/OneDrive - Universidade de Aveiro/UC/IES/P/IES_103154/lab2/lab2_1/apache-tomcat-9.0.67/webapps/host-manager] has finished in [1,103] ms
04-Oct-2022 15:00:50.270 INFO [main] org.apache.catalina.startup.HostConfig.deployDirectory Deploying web application directory [/mnt/c/Users/joaoo/OneDrive - Universidade de Aveiro/UC/IES/P/IES_103154/lab2/lab2_1/apache-tomcat-9.0.67/webapps/manager]
04-Oct-2022 15:00:51.482 INFO [main] org.apache.catalina.startup.HostConfig.deployDirectory Deployment of web application directory [/mnt/c/Users/joaoo/OneDrive - Universidade de Aveiro/UC/IES/P/IES_103154/lab2/lab2_1/apache-tomcat-9.0.67/webapps/manager] has finished in [1,213] ms
04-Oct-2022 15:00:51.485 INFO [main] org.apache.catalina.startup.HostConfig.deployDirectory Deploying web application directory [/mnt/c/Users/joaoo/OneDrive - Universidade de Aveiro/UC/IES/P/IES_103154/lab2/lab2_1/apache-tomcat-9.0.67/webapps/ROOT]
04-Oct-2022 15:00:52.140 INFO [main] org.apache.catalina.startup.HostConfig.deployDirectory Deployment of web application directory [/mnt/c/Users/joaoo/OneDrive - Universidade de Aveiro/UC/IES/P/IES_103154/lab2/lab2_1/apache-tomcat-9.0.67/webapps/ROOT] has finished in [655] ms
04-Oct-2022 15:00:52.162 INFO [main] org.apache.catalina.startup.Catalina.start Server startup in [22039] milliseconds
04-Oct-2022 15:00:52.165 SEVERE [main] org.apache.catalina.core.StandardServer.await Failed to create server shutdown socket on address [localhost] and port [8005] (base port [8005] and offset [0])
	java.net.BindException: Address already in use (Bind failed)
		at java.base/java.net.PlainSocketImpl.socketBind(Native Method)
		at java.base/java.net.AbstractPlainSocketImpl.bind(AbstractPlainSocketImpl.java:452)
		at java.base/java.net.ServerSocket.bind(ServerSocket.java:395)
		at java.base/java.net.ServerSocket.<init>(ServerSocket.java:257)
		at org.apache.catalina.core.StandardServer.await(StandardServer.java:580)
		at org.apache.catalina.startup.Catalina.await(Catalina.java:864)
		at org.apache.catalina.startup.Catalina.start(Catalina.java:810)
		at java.base/jdk.internal.reflect.NativeMethodAccessorImpl.invoke0(Native Method)
		at java.base/jdk.internal.reflect.NativeMethodAccessorImpl.invoke(NativeMethodAccessorImpl.java:62)
		at java.base/jdk.internal.reflect.DelegatingMethodAccessorImpl.invoke(DelegatingMethodAccessorImpl.java:43)
		at java.base/java.lang.reflect.Method.invoke(Method.java:566)
		at org.apache.catalina.startup.Bootstrap.start(Bootstrap.java:345)
		at org.apache.catalina.startup.Bootstrap.main(Bootstrap.java:476)
04-Oct-2022 15:00:52.167 INFO [main] org.apache.coyote.AbstractProtocol.pause Pausing ProtocolHandler ["http-nio-8080"]
04-Oct-2022 15:00:52.167 INFO [main] org.apache.catalina.core.StandardService.stopInternal Stopping service [Catalina]
04-Oct-2022 15:00:52.216 INFO [main] org.apache.coyote.AbstractProtocol.stop Stopping ProtocolHandler ["http-nio-8080"]
04-Oct-2022 15:00:52.218 INFO [main] org.apache.coyote.AbstractProtocol.destroy Destroying ProtocolHandler ["http-nio-8080"]
04-Oct-2022 15:17:24.111 INFO [http-nio-8080-exec-8] org.apache.catalina.startup.HostConfig.deployWAR Deploying web application archive [/mnt/c/Users/joaoo/OneDrive - Universidade de Aveiro/UC/IES/P/IES_103154/lab2/lab2_1/apache-tomcat-9.0.67/webapps/WebApp-1.0-SNAPSHOT.war]
04-Oct-2022 15:17:26.458 INFO [http-nio-8080-exec-8] org.apache.catalina.startup.HostConfig.deployWAR Deployment of web application archive [/mnt/c/Users/joaoo/OneDrive - Universidade de Aveiro/UC/IES/P/IES_103154/lab2/lab2_1/apache-tomcat-9.0.67/webapps/WebApp-1.0-SNAPSHOT.war] has finished in [2,347] ms
04-Oct-2022 15:47:02.637 INFO [http-nio-8080-exec-8] org.apache.catalina.startup.HostConfig.undeploy Undeploying context [/WebApp-1.0-SNAPSHOT]
04-Oct-2022 15:52:49.498 INFO [main] org.apache.catalina.core.StandardServer.await A valid shutdown command was received via the shutdown port. Stopping the Server instance.
04-Oct-2022 15:52:49.504 INFO [main] org.apache.coyote.AbstractProtocol.pause Pausing ProtocolHandler ["http-nio-8080"]
04-Oct-2022 15:52:49.525 INFO [main] org.apache.catalina.core.StandardService.stopInternal Stopping service [Catalina]
04-Oct-2022 15:52:49.730 INFO [main] org.apache.coyote.AbstractProtocol.stop Stopping ProtocolHandler ["http-nio-8080"]
04-Oct-2022 15:52:49.762 INFO [main] org.apache.coyote.AbstractProtocol.destroy Destroying ProtocolHandler ["http-nio-8080"]
